12:40:44.617 [TestNG-test=Surefire test-1] INFO  resources.base - Starting microsoft edge browser
12:40:44.847 [TestNG-test=Surefire test-1] INFO  com.rockSolicitors.tests.BaseTest - Driver is initialised
12:40:48.087 [TestNG-test=Surefire test-1] INFO  com.rockSolicitors.tests.BaseTest - Navigating to http://rocksolicitors.leapweb.co.uk/
12:40:48.119 [TestNG-test=Surefire test-1] INFO  com.rockSolicitors.tests.BookAnAppointmentTest - Validating book an appointment page url
12:40:54.130 [TestNG-test=Surefire test-1] INFO  com.rockSolicitors.tests.BookAnAppointmentTest - Validate book an appointment Test Completed successfully
12:40:54.137 [TestNG-test=Surefire test-1] INFO  com.rockSolicitors.tests.BaseTest - Closing Browser
12:54:50.776 [TestNG-test=RockSolicitorsE2E(Structured Test)-1] INFO  resources.base - Starting microsoft edge browser
12:54:50.774 [TestNG-test=RockSolicitorsE2E(Structured Test)-5] INFO  resources.base - Starting microsoft edge browser
12:54:51.387 [TestNG-test=RockSolicitorsE2E(Structured Test)-1] INFO  com.rockSolicitors.tests.BaseTest - Driver is initialised
12:54:51.393 [TestNG-test=RockSolicitorsE2E(Structured Test)-5] INFO  com.rockSolicitors.tests.BaseTest - Driver is initialised
12:54:51.805 [TestNG-test=RockSolicitorsE2E(Structured Test)-6] INFO  resources.base - Starting microsoft edge browser
12:54:52.062 [TestNG-test=RockSolicitorsE2E(Structured Test)-6] INFO  com.rockSolicitors.tests.BaseTest - Driver is initialised
12:54:54.087 [TestNG-test=RockSolicitorsE2E(Structured Test)-2] INFO  resources.base - Starting microsoft edge browser
12:54:54.290 [TestNG-test=RockSolicitorsE2E(Structured Test)-3] INFO  resources.base - Starting microsoft edge browser
12:54:54.482 [TestNG-test=RockSolicitorsE2E(Structured Test)-2] INFO  com.rockSolicitors.tests.BaseTest - Driver is initialised
12:54:54.682 [TestNG-test=RockSolicitorsE2E(Structured Test)-3] INFO  com.rockSolicitors.tests.BaseTest - Driver is initialised
12:54:55.198 [TestNG-test=RockSolicitorsE2E(Structured Test)-4] INFO  resources.base - Starting microsoft edge browser
12:54:55.426 [TestNG-test=RockSolicitorsE2E(Structured Test)-4] INFO  com.rockSolicitors.tests.BaseTest - Driver is initialised
12:55:00.326 [TestNG-test=RockSolicitorsE2E(Structured Test)-1] INFO  com.rockSolicitors.tests.BaseTest - Navigating to http://rocksolicitors.leapweb.co.uk/
12:55:00.358 [TestNG-test=RockSolicitorsE2E(Structured Test)-1] INFO  com.rockSolicitors.testListeners.Listeners - validateBookAnAppointmentPageUrl Started successfully
12:55:00.387 [TestNG-test=RockSolicitorsE2E(Structured Test)-1] INFO  com.rockSolicitors.tests.BookAnAppointmentTest - Validating book an appointment page url
12:55:01.459 [TestNG-test=RockSolicitorsE2E(Structured Test)-5] INFO  com.rockSolicitors.tests.BaseTest - Navigating to http://rocksolicitors.leapweb.co.uk/
12:55:01.460 [TestNG-test=RockSolicitorsE2E(Structured Test)-5] INFO  com.rockSolicitors.testListeners.Listeners - validatePageUrl Started successfully
12:55:01.461 [TestNG-test=RockSolicitorsE2E(Structured Test)-5] INFO  com.rockSolicitors.tests.MakePaymentTest - Validating make a payment page url
12:55:03.263 [TestNG-test=RockSolicitorsE2E(Structured Test)-2] INFO  com.rockSolicitors.tests.BaseTest - Navigating to http://rocksolicitors.leapweb.co.uk/
12:55:03.263 [TestNG-test=RockSolicitorsE2E(Structured Test)-2] INFO  com.rockSolicitors.testListeners.Listeners - validateButtonsOnReferToAFriendPage Started successfully
12:55:03.292 [TestNG-test=RockSolicitorsE2E(Structured Test)-4] INFO  com.rockSolicitors.tests.BaseTest - Navigating to http://rocksolicitors.leapweb.co.uk/
12:55:03.293 [TestNG-test=RockSolicitorsE2E(Structured Test)-4] INFO  com.rockSolicitors.testListeners.Listeners - validateOnboardFormsUrl Started successfully
12:55:03.293 [TestNG-test=RockSolicitorsE2E(Structured Test)-4] INFO  com.rockSolicitors.tests.ProvideInformationTest - Validating onboard forms
12:55:05.203 [TestNG-test=RockSolicitorsE2E(Structured Test)-2] INFO  com.rockSolicitors.tests.RecommendUsTest - Validating buttons within the refer to a friend screen
12:55:05.207 [TestNG-test=RockSolicitorsE2E(Structured Test)-3] INFO  com.rockSolicitors.tests.BaseTest - Navigating to http://rocksolicitors.leapweb.co.uk/
12:55:05.260 [TestNG-test=RockSolicitorsE2E(Structured Test)-3] INFO  com.rockSolicitors.testListeners.Listeners - validateMakeEnquiryForm Started successfully
12:55:05.261 [TestNG-test=RockSolicitorsE2E(Structured Test)-3] INFO  com.rockSolicitors.tests.MakeAnEnquiryTest - Starting Make An Enquiry Test
12:55:05.263 [TestNG-test=RockSolicitorsE2E(Structured Test)-3] INFO  com.rockSolicitors.tests.MakeAnEnquiryTest - Validating Make An Enquiry form
12:55:05.432 [TestNG-test=RockSolicitorsE2E(Structured Test)-6] INFO  com.rockSolicitors.tests.BaseTest - Navigating to http://rocksolicitors.leapweb.co.uk/
12:55:05.432 [TestNG-test=RockSolicitorsE2E(Structured Test)-6] INFO  com.rockSolicitors.testListeners.Listeners - validatePriceListPage Started successfully
12:55:05.432 [TestNG-test=RockSolicitorsE2E(Structured Test)-6] INFO  com.rockSolicitors.tests.ViewPriceListTest - Starting View Price List Test
12:55:09.211 [TestNG-test=RockSolicitorsE2E(Structured Test)-3] INFO  com.rockSolicitors.testListeners.Listeners - validateMakeEnquiryForm Completed successfully
12:55:09.224 [TestNG-test=RockSolicitorsE2E(Structured Test)-3] INFO  com.rockSolicitors.testListeners.Listeners - validateMakeEnquiryFormFields Started successfully
12:55:09.224 [TestNG-test=RockSolicitorsE2E(Structured Test)-3] INFO  com.rockSolicitors.tests.MakeAnEnquiryTest - Validating Make An Enquiry form fields
12:55:11.983 [TestNG-test=RockSolicitorsE2E(Structured Test)-6] INFO  com.rockSolicitors.tests.ViewPriceListTest - Validating Price List url
12:55:11.996 [TestNG-test=RockSolicitorsE2E(Structured Test)-6] INFO  com.rockSolicitors.testListeners.Listeners - validatePriceListPage Completed successfully
12:55:11.997 [TestNG-test=RockSolicitorsE2E(Structured Test)-6] INFO  com.rockSolicitors.testListeners.Listeners - validateWillsPowerOfAttorneyWillsPage Started successfully
12:55:11.997 [TestNG-test=RockSolicitorsE2E(Structured Test)-6] INFO  com.rockSolicitors.tests.ViewPriceListTest - Validating wills power of attorney wills page
12:55:12.499 [TestNG-test=RockSolicitorsE2E(Structured Test)-5] INFO  com.rockSolicitors.testListeners.Listeners - validatePageUrl Completed successfully
12:55:12.500 [TestNG-test=RockSolicitorsE2E(Structured Test)-5] INFO  com.rockSolicitors.testListeners.Listeners - validatePageTitle Started successfully
12:55:12.500 [TestNG-test=RockSolicitorsE2E(Structured Test)-5] INFO  com.rockSolicitors.tests.MakePaymentTest - Validating make a payment page title
12:55:12.501 [TestNG-test=RockSolicitorsE2E(Structured Test)-5] INFO  com.rockSolicitors.testListeners.Listeners - validatePageTitle Completed successfully
12:55:12.501 [TestNG-test=RockSolicitorsE2E(Structured Test)-5] INFO  com.rockSolicitors.testListeners.Listeners - validateReferenceNumberField Started successfully
12:55:12.501 [TestNG-test=RockSolicitorsE2E(Structured Test)-5] INFO  com.rockSolicitors.tests.MakePaymentTest - Validating Reference number field
12:55:12.502 [TestNG-test=RockSolicitorsE2E(Structured Test)-5] INFO  com.rockSolicitors.testListeners.Listeners - validateReferenceNumberField Completed successfully
12:55:12.502 [TestNG-test=RockSolicitorsE2E(Structured Test)-5] INFO  com.rockSolicitors.tests.BaseTest - Closing Browser
12:55:15.649 [TestNG-test=RockSolicitorsE2E(Structured Test)-6] INFO  com.rockSolicitors.testListeners.Listeners - validateWillsPowerOfAttorneyWillsPage Completed successfully
12:55:15.650 [TestNG-test=RockSolicitorsE2E(Structured Test)-6] INFO  com.rockSolicitors.testListeners.Listeners - validatePurchaseOfBusinessAndFranchise Started successfully
12:55:15.650 [TestNG-test=RockSolicitorsE2E(Structured Test)-6] INFO  com.rockSolicitors.tests.ViewPriceListTest - Validating purchase of business and franchise page (Business & Commercial)
12:55:16.856 [TestNG-test=RockSolicitorsE2E(Structured Test)-2] INFO  com.rockSolicitors.testListeners.Listeners - validateButtonsOnReferToAFriendPage Completed successfully
12:55:16.857 [TestNG-test=RockSolicitorsE2E(Structured Test)-2] INFO  com.rockSolicitors.testListeners.Listeners - validateMessagePreview Started successfully
12:55:16.857 [TestNG-test=RockSolicitorsE2E(Structured Test)-2] INFO  com.rockSolicitors.tests.RecommendUsTest - Validating message preview
12:55:17.825 [TestNG-test=RockSolicitorsE2E(Structured Test)-6] INFO  com.rockSolicitors.testListeners.Listeners - validatePurchaseOfBusinessAndFranchise Completed successfully
12:55:17.826 [TestNG-test=RockSolicitorsE2E(Structured Test)-6] INFO  com.rockSolicitors.testListeners.Listeners - validateConveyancingAndPropertyPage Started successfully
12:55:17.826 [TestNG-test=RockSolicitorsE2E(Structured Test)-6] INFO  com.rockSolicitors.tests.ViewPriceListTest - Validating  conveyancing & property page
12:55:19.967 [TestNG-test=RockSolicitorsE2E(Structured Test)-5] INFO  resources.base - Starting microsoft edge browser
12:55:20.044 [TestNG-test=RockSolicitorsE2E(Structured Test)-3] INFO  com.rockSolicitors.tests.MakeAnEnquiryTest - Make An Enquiry Test Completed successfully
12:55:20.044 [TestNG-test=RockSolicitorsE2E(Structured Test)-3] INFO  com.rockSolicitors.testListeners.Listeners - validateMakeEnquiryFormFields Completed successfully
12:55:20.045 [TestNG-test=RockSolicitorsE2E(Structured Test)-3] INFO  com.rockSolicitors.tests.BaseTest - Closing Browser
12:55:20.141 [TestNG-test=RockSolicitorsE2E(Structured Test)-5] INFO  com.rockSolicitors.tests.BaseTest - Driver is initialised
12:55:20.286 [TestNG-test=RockSolicitorsE2E(Structured Test)-1] INFO  com.rockSolicitors.tests.BookAnAppointmentTest - Validate book an appointment Test Completed successfully
12:55:20.287 [TestNG-test=RockSolicitorsE2E(Structured Test)-1] INFO  com.rockSolicitors.testListeners.Listeners - validateBookAnAppointmentPageUrl Completed successfully
12:55:20.287 [TestNG-test=RockSolicitorsE2E(Structured Test)-1] INFO  com.rockSolicitors.tests.BaseTest - Closing Browser
12:55:21.655 [TestNG-test=RockSolicitorsE2E(Structured Test)-2] INFO  com.rockSolicitors.testListeners.Listeners - validateMessagePreview Completed successfully
12:55:21.655 [TestNG-test=RockSolicitorsE2E(Structured Test)-2] INFO  com.rockSolicitors.testListeners.Listeners - validateYourFriendDetailsWarnings Started successfully
12:55:21.656 [TestNG-test=RockSolicitorsE2E(Structured Test)-2] INFO  com.rockSolicitors.tests.RecommendUsTest - Validating your friends details warnings
12:55:22.158 [TestNG-test=RockSolicitorsE2E(Structured Test)-6] INFO  com.rockSolicitors.tests.ViewPriceListTest - View Price List Test Completed successfully
12:55:22.158 [TestNG-test=RockSolicitorsE2E(Structured Test)-6] INFO  com.rockSolicitors.testListeners.Listeners - validateConveyancingAndPropertyPage Completed successfully
12:55:22.159 [TestNG-test=RockSolicitorsE2E(Structured Test)-6] INFO  com.rockSolicitors.tests.BaseTest - Closing Browser
12:55:23.371 [TestNG-test=RockSolicitorsE2E(Structured Test)-5] INFO  com.rockSolicitors.tests.BaseTest - Navigating to http://rocksolicitors.leapweb.co.uk/
12:55:23.372 [TestNG-test=RockSolicitorsE2E(Structured Test)-5] INFO  com.rockSolicitors.testListeners.Listeners - validateReadYourDocumentPageUrl Started successfully
12:55:23.372 [TestNG-test=RockSolicitorsE2E(Structured Test)-5] INFO  com.rockSolicitors.tests.ReadYourDocumentTest - Starting validate read your document url Test
12:55:29.413 [TestNG-test=RockSolicitorsE2E(Structured Test)-5] INFO  com.rockSolicitors.tests.ReadYourDocumentTest - Validate read your document url test completed successfully
12:55:29.413 [TestNG-test=RockSolicitorsE2E(Structured Test)-5] INFO  com.rockSolicitors.testListeners.Listeners - validateReadYourDocumentPageUrl Completed successfully
12:55:29.414 [TestNG-test=RockSolicitorsE2E(Structured Test)-5] INFO  com.rockSolicitors.tests.BaseTest - Closing Browser
12:55:34.119 [TestNG-test=RockSolicitorsE2E(Structured Test)-2] INFO  com.rockSolicitors.testListeners.Listeners - validateYourFriendDetailsWarnings Completed successfully
12:55:34.119 [TestNG-test=RockSolicitorsE2E(Structured Test)-2] INFO  com.rockSolicitors.testListeners.Listeners - validateYourDetailsWarnings Started successfully
12:55:34.120 [TestNG-test=RockSolicitorsE2E(Structured Test)-2] INFO  com.rockSolicitors.tests.RecommendUsTest - Validating your details warning
12:55:39.683 [TestNG-test=RockSolicitorsE2E(Structured Test)-2] INFO  com.rockSolicitors.tests.RecommendUsTest - Recommend Us Test Completed successfully
12:55:39.684 [TestNG-test=RockSolicitorsE2E(Structured Test)-2] INFO  com.rockSolicitors.testListeners.Listeners - validateYourDetailsWarnings Completed successfully
12:55:39.685 [TestNG-test=RockSolicitorsE2E(Structured Test)-2] INFO  com.rockSolicitors.tests.BaseTest - Closing Browser
12:56:14.155 [TestNG-test=RockSolicitorsE2E(Structured Test)-4] INFO  com.rockSolicitors.tests.ProvideInformationTest - Onboard forms validation completed successfully
12:56:14.156 [TestNG-test=RockSolicitorsE2E(Structured Test)-4] INFO  com.rockSolicitors.testListeners.Listeners - validateOnboardFormsUrl Completed successfully
12:56:14.158 [TestNG-test=RockSolicitorsE2E(Structured Test)-4] INFO  com.rockSolicitors.tests.BaseTest - Closing Browser
12:56:15.758 [main] INFO  com.rockSolicitors.testListeners.Listeners - RockSolicitorsE2E(Structured Test) Have finished testing successfully
15:25:26.601 [TestNG-test=Surefire test-1] INFO  resources.base - Starting microsoft edge browser
15:25:26.823 [TestNG-test=Surefire test-1] INFO  com.rockSolicitors.tests.BaseTest - Driver is initialised
15:25:32.257 [TestNG-test=Surefire test-1] INFO  com.rockSolicitors.tests.BaseTest - Navigating to http://rocksolicitors.leapweb.co.uk/
15:25:33.414 [TestNG-test=Surefire test-1] INFO  com.rockSolicitors.tests.RecommendUsTest - Validating buttons within the refer to a friend screen
15:25:41.866 [TestNG-test=Surefire test-1] INFO  com.rockSolicitors.tests.RecommendUsTest - Validating message preview
15:25:44.493 [TestNG-test=Surefire test-1] INFO  com.rockSolicitors.tests.RecommendUsTest - Validating your friends details warnings
15:25:57.117 [TestNG-test=Surefire test-1] INFO  com.rockSolicitors.tests.RecommendUsTest - Validating your details warning
15:26:02.858 [TestNG-test=Surefire test-1] INFO  com.rockSolicitors.tests.RecommendUsTest - Recommend Us Test Completed successfully
15:26:02.860 [TestNG-test=Surefire test-1] INFO  com.rockSolicitors.tests.BaseTest - Closing Browser
15:26:54.977 [TestNG-test=RockSolicitorsE2E(Structured Test)-2] INFO  resources.base - Starting microsoft edge browser
15:26:55.175 [TestNG-test=RockSolicitorsE2E(Structured Test)-1] INFO  resources.base - Starting microsoft edge browser
15:26:55.276 [TestNG-test=RockSolicitorsE2E(Structured Test)-2] INFO  com.rockSolicitors.tests.BaseTest - Driver is initialised
15:26:55.404 [TestNG-test=RockSolicitorsE2E(Structured Test)-1] INFO  com.rockSolicitors.tests.BaseTest - Driver is initialised
15:26:56.556 [TestNG-test=RockSolicitorsE2E(Structured Test)-4] INFO  resources.base - Starting microsoft edge browser
15:26:56.963 [TestNG-test=RockSolicitorsE2E(Structured Test)-4] INFO  com.rockSolicitors.tests.BaseTest - Driver is initialised
15:26:58.682 [TestNG-test=RockSolicitorsE2E(Structured Test)-6] INFO  resources.base - Starting microsoft edge browser
15:26:58.987 [TestNG-test=RockSolicitorsE2E(Structured Test)-3] INFO  resources.base - Starting microsoft edge browser
15:26:59.248 [TestNG-test=RockSolicitorsE2E(Structured Test)-6] INFO  com.rockSolicitors.tests.BaseTest - Driver is initialised
15:26:59.280 [TestNG-test=RockSolicitorsE2E(Structured Test)-3] INFO  com.rockSolicitors.tests.BaseTest - Driver is initialised
15:27:00.754 [TestNG-test=RockSolicitorsE2E(Structured Test)-5] INFO  resources.base - Starting microsoft edge browser
15:27:01.057 [TestNG-test=RockSolicitorsE2E(Structured Test)-5] INFO  com.rockSolicitors.tests.BaseTest - Driver is initialised
15:27:06.975 [TestNG-test=RockSolicitorsE2E(Structured Test)-3] INFO  com.rockSolicitors.tests.BaseTest - Navigating to http://rocksolicitors.leapweb.co.uk/
15:27:07.005 [TestNG-test=RockSolicitorsE2E(Structured Test)-3] INFO  com.rockSolicitors.testListeners.Listeners - validateMakeEnquiryForm Started successfully
15:27:07.023 [TestNG-test=RockSolicitorsE2E(Structured Test)-3] INFO  com.rockSolicitors.tests.MakeAnEnquiryTest - Starting Make An Enquiry Test
15:27:07.040 [TestNG-test=RockSolicitorsE2E(Structured Test)-3] INFO  com.rockSolicitors.tests.MakeAnEnquiryTest - Validating Make An Enquiry form
15:27:07.154 [TestNG-test=RockSolicitorsE2E(Structured Test)-2] INFO  com.rockSolicitors.tests.BaseTest - Navigating to http://rocksolicitors.leapweb.co.uk/
15:27:07.155 [TestNG-test=RockSolicitorsE2E(Structured Test)-2] INFO  com.rockSolicitors.testListeners.Listeners - validateButtonsOnReferToAFriendPage Started successfully
15:27:07.190 [TestNG-test=RockSolicitorsE2E(Structured Test)-4] INFO  com.rockSolicitors.tests.BaseTest - Navigating to http://rocksolicitors.leapweb.co.uk/
15:27:07.190 [TestNG-test=RockSolicitorsE2E(Structured Test)-4] INFO  com.rockSolicitors.testListeners.Listeners - validateOnboardFormsUrl Started successfully
15:27:07.191 [TestNG-test=RockSolicitorsE2E(Structured Test)-4] INFO  com.rockSolicitors.tests.ProvideInformationTest - Validating onboard forms
15:27:07.289 [TestNG-test=RockSolicitorsE2E(Structured Test)-6] INFO  com.rockSolicitors.tests.BaseTest - Navigating to http://rocksolicitors.leapweb.co.uk/
15:27:07.290 [TestNG-test=RockSolicitorsE2E(Structured Test)-6] INFO  com.rockSolicitors.testListeners.Listeners - validatePriceListPage Started successfully
15:27:07.290 [TestNG-test=RockSolicitorsE2E(Structured Test)-6] INFO  com.rockSolicitors.tests.ViewPriceListTest - Starting View Price List Test
15:27:07.360 [TestNG-test=RockSolicitorsE2E(Structured Test)-5] INFO  com.rockSolicitors.tests.BaseTest - Navigating to http://rocksolicitors.leapweb.co.uk/
15:27:07.360 [TestNG-test=RockSolicitorsE2E(Structured Test)-5] INFO  com.rockSolicitors.testListeners.Listeners - validatePageUrl Started successfully
15:27:07.361 [TestNG-test=RockSolicitorsE2E(Structured Test)-5] INFO  com.rockSolicitors.tests.MakePaymentTest - Validating make a payment page url
15:27:09.078 [TestNG-test=RockSolicitorsE2E(Structured Test)-2] INFO  com.rockSolicitors.tests.RecommendUsTest - Validating buttons within the refer to a friend screen
15:27:10.521 [TestNG-test=RockSolicitorsE2E(Structured Test)-3] INFO  com.rockSolicitors.testListeners.Listeners - validateMakeEnquiryForm Completed successfully
15:27:10.529 [TestNG-test=RockSolicitorsE2E(Structured Test)-3] INFO  com.rockSolicitors.testListeners.Listeners - validateMakeEnquiryFormFields Started successfully
15:27:10.529 [TestNG-test=RockSolicitorsE2E(Structured Test)-3] INFO  com.rockSolicitors.tests.MakeAnEnquiryTest - Validating Make An Enquiry form fields
15:27:10.778 [TestNG-test=RockSolicitorsE2E(Structured Test)-1] INFO  com.rockSolicitors.tests.BaseTest - Navigating to http://rocksolicitors.leapweb.co.uk/
15:27:10.779 [TestNG-test=RockSolicitorsE2E(Structured Test)-1] INFO  com.rockSolicitors.testListeners.Listeners - validateBookAnAppointmentPageUrl Started successfully
15:27:10.779 [TestNG-test=RockSolicitorsE2E(Structured Test)-1] INFO  com.rockSolicitors.tests.BookAnAppointmentTest - Validating book an appointment page url
15:27:13.442 [TestNG-test=RockSolicitorsE2E(Structured Test)-6] INFO  com.rockSolicitors.tests.ViewPriceListTest - Validating Price List url
15:27:13.449 [TestNG-test=RockSolicitorsE2E(Structured Test)-6] INFO  com.rockSolicitors.testListeners.Listeners - validatePriceListPage Completed successfully
15:27:13.450 [TestNG-test=RockSolicitorsE2E(Structured Test)-6] INFO  com.rockSolicitors.testListeners.Listeners - validateWillsPowerOfAttorneyWillsPage Started successfully
15:27:13.450 [TestNG-test=RockSolicitorsE2E(Structured Test)-6] INFO  com.rockSolicitors.tests.ViewPriceListTest - Validating wills power of attorney wills page
15:27:14.407 [TestNG-test=RockSolicitorsE2E(Structured Test)-5] INFO  com.rockSolicitors.testListeners.Listeners - validatePageUrl Completed successfully
15:27:14.408 [TestNG-test=RockSolicitorsE2E(Structured Test)-5] INFO  com.rockSolicitors.testListeners.Listeners - validatePageTitle Started successfully
15:27:14.408 [TestNG-test=RockSolicitorsE2E(Structured Test)-5] INFO  com.rockSolicitors.tests.MakePaymentTest - Validating make a payment page title
15:27:14.409 [TestNG-test=RockSolicitorsE2E(Structured Test)-5] INFO  com.rockSolicitors.testListeners.Listeners - validatePageTitle Completed successfully
15:27:14.409 [TestNG-test=RockSolicitorsE2E(Structured Test)-5] INFO  com.rockSolicitors.testListeners.Listeners - validateReferenceNumberField Started successfully
15:27:14.410 [TestNG-test=RockSolicitorsE2E(Structured Test)-5] INFO  com.rockSolicitors.tests.MakePaymentTest - Validating Reference number field
15:27:14.410 [TestNG-test=RockSolicitorsE2E(Structured Test)-5] INFO  com.rockSolicitors.testListeners.Listeners - validateReferenceNumberField Completed successfully
15:27:14.411 [TestNG-test=RockSolicitorsE2E(Structured Test)-5] INFO  com.rockSolicitors.tests.BaseTest - Closing Browser
15:27:17.804 [TestNG-test=RockSolicitorsE2E(Structured Test)-6] INFO  com.rockSolicitors.testListeners.Listeners - validateWillsPowerOfAttorneyWillsPage Completed successfully
15:27:17.805 [TestNG-test=RockSolicitorsE2E(Structured Test)-6] INFO  com.rockSolicitors.testListeners.Listeners - validatePurchaseOfBusinessAndFranchise Started successfully
15:27:17.805 [TestNG-test=RockSolicitorsE2E(Structured Test)-6] INFO  com.rockSolicitors.tests.ViewPriceListTest - Validating purchase of business and franchise page (Business & Commercial)
15:27:18.383 [TestNG-test=RockSolicitorsE2E(Structured Test)-1] INFO  com.rockSolicitors.tests.BookAnAppointmentTest - Validate book an appointment Test Completed successfully
15:27:18.383 [TestNG-test=RockSolicitorsE2E(Structured Test)-1] INFO  com.rockSolicitors.testListeners.Listeners - validateBookAnAppointmentPageUrl Completed successfully
15:27:18.384 [TestNG-test=RockSolicitorsE2E(Structured Test)-1] INFO  com.rockSolicitors.tests.BaseTest - Closing Browser
15:27:20.692 [TestNG-test=RockSolicitorsE2E(Structured Test)-5] INFO  resources.base - Starting microsoft edge browser
15:27:20.867 [TestNG-test=RockSolicitorsE2E(Structured Test)-5] INFO  com.rockSolicitors.tests.BaseTest - Driver is initialised
15:27:22.106 [TestNG-test=RockSolicitorsE2E(Structured Test)-2] INFO  com.rockSolicitors.testListeners.Listeners - validateButtonsOnReferToAFriendPage Completed successfully
15:27:22.107 [TestNG-test=RockSolicitorsE2E(Structured Test)-2] INFO  com.rockSolicitors.testListeners.Listeners - validateMessagePreview Started successfully
15:27:22.107 [TestNG-test=RockSolicitorsE2E(Structured Test)-2] INFO  com.rockSolicitors.tests.RecommendUsTest - Validating message preview
15:27:22.720 [TestNG-test=RockSolicitorsE2E(Structured Test)-6] INFO  com.rockSolicitors.testListeners.Listeners - validatePurchaseOfBusinessAndFranchise Completed successfully
15:27:22.721 [TestNG-test=RockSolicitorsE2E(Structured Test)-6] INFO  com.rockSolicitors.testListeners.Listeners - validateConveyancingAndPropertyPage Started successfully
15:27:22.721 [TestNG-test=RockSolicitorsE2E(Structured Test)-6] INFO  com.rockSolicitors.tests.ViewPriceListTest - Validating  conveyancing & property page
15:27:22.993 [TestNG-test=RockSolicitorsE2E(Structured Test)-3] INFO  com.rockSolicitors.tests.MakeAnEnquiryTest - Make An Enquiry Test Completed successfully
15:27:22.993 [TestNG-test=RockSolicitorsE2E(Structured Test)-3] INFO  com.rockSolicitors.testListeners.Listeners - validateMakeEnquiryFormFields Completed successfully
15:27:22.994 [TestNG-test=RockSolicitorsE2E(Structured Test)-3] INFO  com.rockSolicitors.tests.BaseTest - Closing Browser
15:27:25.204 [TestNG-test=RockSolicitorsE2E(Structured Test)-6] INFO  com.rockSolicitors.tests.ViewPriceListTest - View Price List Test Completed successfully
15:27:25.205 [TestNG-test=RockSolicitorsE2E(Structured Test)-6] INFO  com.rockSolicitors.testListeners.Listeners - validateConveyancingAndPropertyPage Completed successfully
15:27:25.205 [TestNG-test=RockSolicitorsE2E(Structured Test)-6] INFO  com.rockSolicitors.tests.BaseTest - Closing Browser
15:27:25.798 [TestNG-test=RockSolicitorsE2E(Structured Test)-2] INFO  com.rockSolicitors.testListeners.Listeners - validateMessagePreview Completed successfully
15:27:25.799 [TestNG-test=RockSolicitorsE2E(Structured Test)-2] INFO  com.rockSolicitors.testListeners.Listeners - validateYourFriendDetailsWarnings Started successfully
15:27:25.800 [TestNG-test=RockSolicitorsE2E(Structured Test)-2] INFO  com.rockSolicitors.tests.RecommendUsTest - Validating your friends details warnings
15:27:25.839 [TestNG-test=RockSolicitorsE2E(Structured Test)-5] INFO  com.rockSolicitors.tests.BaseTest - Navigating to http://rocksolicitors.leapweb.co.uk/
15:27:25.840 [TestNG-test=RockSolicitorsE2E(Structured Test)-5] INFO  com.rockSolicitors.testListeners.Listeners - validateReadYourDocumentPageUrl Started successfully
15:27:25.841 [TestNG-test=RockSolicitorsE2E(Structured Test)-5] INFO  com.rockSolicitors.tests.ReadYourDocumentTest - Starting validate read your document url Test
15:27:32.699 [TestNG-test=RockSolicitorsE2E(Structured Test)-5] INFO  com.rockSolicitors.tests.ReadYourDocumentTest - Validate read your document url test completed successfully
15:27:32.700 [TestNG-test=RockSolicitorsE2E(Structured Test)-5] INFO  com.rockSolicitors.testListeners.Listeners - validateReadYourDocumentPageUrl Completed successfully
15:27:32.700 [TestNG-test=RockSolicitorsE2E(Structured Test)-5] INFO  com.rockSolicitors.tests.BaseTest - Closing Browser
15:27:38.297 [TestNG-test=RockSolicitorsE2E(Structured Test)-2] INFO  com.rockSolicitors.testListeners.Listeners - validateYourFriendDetailsWarnings Completed successfully
15:27:38.298 [TestNG-test=RockSolicitorsE2E(Structured Test)-2] INFO  com.rockSolicitors.testListeners.Listeners - validateYourDetailsWarnings Started successfully
15:27:38.298 [TestNG-test=RockSolicitorsE2E(Structured Test)-2] INFO  com.rockSolicitors.tests.RecommendUsTest - Validating your details warning
15:27:43.591 [TestNG-test=RockSolicitorsE2E(Structured Test)-2] INFO  com.rockSolicitors.tests.RecommendUsTest - Recommend Us Test Completed successfully
15:27:43.592 [TestNG-test=RockSolicitorsE2E(Structured Test)-2] INFO  com.rockSolicitors.testListeners.Listeners - validateYourDetailsWarnings Completed successfully
15:27:43.592 [TestNG-test=RockSolicitorsE2E(Structured Test)-2] INFO  com.rockSolicitors.tests.BaseTest - Closing Browser
15:28:17.929 [TestNG-test=RockSolicitorsE2E(Structured Test)-4] INFO  com.rockSolicitors.tests.ProvideInformationTest - Onboard forms validation completed successfully
15:28:17.931 [TestNG-test=RockSolicitorsE2E(Structured Test)-4] INFO  com.rockSolicitors.testListeners.Listeners - validateOnboardFormsUrl Completed successfully
15:28:17.932 [TestNG-test=RockSolicitorsE2E(Structured Test)-4] INFO  com.rockSolicitors.tests.BaseTest - Closing Browser
15:28:19.598 [main] INFO  com.rockSolicitors.testListeners.Listeners - RockSolicitorsE2E(Structured Test) Have finished testing successfully
17:57:33.908 [TestNG-test=RockSolicitorsE2E(Structured Test)-6] INFO  resources.base - Starting microsoft edge browser
17:57:34.442 [TestNG-test=RockSolicitorsE2E(Structured Test)-2] INFO  resources.base - Starting microsoft edge browser
17:57:34.607 [TestNG-test=RockSolicitorsE2E(Structured Test)-6] INFO  com.rockSolicitors.tests.BaseTest - Driver is initialised
17:57:34.747 [TestNG-test=RockSolicitorsE2E(Structured Test)-2] INFO  com.rockSolicitors.tests.BaseTest - Driver is initialised
17:57:35.980 [TestNG-test=RockSolicitorsE2E(Structured Test)-4] INFO  resources.base - Starting microsoft edge browser
17:57:37.101 [TestNG-test=RockSolicitorsE2E(Structured Test)-5] INFO  resources.base - Starting microsoft edge browser
17:57:37.120 [TestNG-test=RockSolicitorsE2E(Structured Test)-4] INFO  com.rockSolicitors.tests.BaseTest - Driver is initialised
17:57:37.311 [TestNG-test=RockSolicitorsE2E(Structured Test)-5] INFO  com.rockSolicitors.tests.BaseTest - Driver is initialised
17:57:37.403 [TestNG-test=RockSolicitorsE2E(Structured Test)-1] INFO  resources.base - Starting microsoft edge browser
17:57:37.626 [TestNG-test=RockSolicitorsE2E(Structured Test)-1] INFO  com.rockSolicitors.tests.BaseTest - Driver is initialised
17:57:38.951 [TestNG-test=RockSolicitorsE2E(Structured Test)-3] INFO  resources.base - Starting microsoft edge browser
17:57:39.141 [TestNG-test=RockSolicitorsE2E(Structured Test)-3] INFO  com.rockSolicitors.tests.BaseTest - Driver is initialised
17:57:43.935 [TestNG-test=RockSolicitorsE2E(Structured Test)-2] INFO  com.rockSolicitors.tests.BaseTest - Navigating to http://rocksolicitors.leapweb.co.uk/
17:57:43.972 [TestNG-test=RockSolicitorsE2E(Structured Test)-2] INFO  com.rockSolicitors.testListeners.Listeners - validateButtonsOnReferToAFriendPage Started successfully
17:57:45.242 [TestNG-test=RockSolicitorsE2E(Structured Test)-6] INFO  com.rockSolicitors.tests.BaseTest - Navigating to http://rocksolicitors.leapweb.co.uk/
17:57:45.242 [TestNG-test=RockSolicitorsE2E(Structured Test)-6] INFO  com.rockSolicitors.testListeners.Listeners - validatePriceListPage Started successfully
17:57:45.243 [TestNG-test=RockSolicitorsE2E(Structured Test)-6] INFO  com.rockSolicitors.tests.ViewPriceListTest - Starting View Price List Test
17:57:45.759 [TestNG-test=RockSolicitorsE2E(Structured Test)-4] INFO  com.rockSolicitors.tests.BaseTest - Navigating to http://rocksolicitors.leapweb.co.uk/
17:57:45.760 [TestNG-test=RockSolicitorsE2E(Structured Test)-4] INFO  com.rockSolicitors.testListeners.Listeners - validateOnboardFormsUrl Started successfully
17:57:45.760 [TestNG-test=RockSolicitorsE2E(Structured Test)-4] INFO  com.rockSolicitors.tests.ProvideInformationTest - Validating onboard forms
17:57:45.779 [TestNG-test=RockSolicitorsE2E(Structured Test)-1] INFO  com.rockSolicitors.tests.BaseTest - Navigating to http://rocksolicitors.leapweb.co.uk/
17:57:45.780 [TestNG-test=RockSolicitorsE2E(Structured Test)-1] INFO  com.rockSolicitors.testListeners.Listeners - validateBookAnAppointmentPageUrl Started successfully
17:57:45.780 [TestNG-test=RockSolicitorsE2E(Structured Test)-1] INFO  com.rockSolicitors.tests.BookAnAppointmentTest - Validating book an appointment page url
17:57:45.846 [TestNG-test=RockSolicitorsE2E(Structured Test)-3] INFO  com.rockSolicitors.tests.BaseTest - Navigating to http://rocksolicitors.leapweb.co.uk/
17:57:45.847 [TestNG-test=RockSolicitorsE2E(Structured Test)-3] INFO  com.rockSolicitors.testListeners.Listeners - validateMakeEnquiryForm Started successfully
17:57:45.848 [TestNG-test=RockSolicitorsE2E(Structured Test)-3] INFO  com.rockSolicitors.tests.MakeAnEnquiryTest - Starting Make An Enquiry Test
17:57:45.850 [TestNG-test=RockSolicitorsE2E(Structured Test)-3] INFO  com.rockSolicitors.tests.MakeAnEnquiryTest - Validating Make An Enquiry form
17:57:46.879 [TestNG-test=RockSolicitorsE2E(Structured Test)-2] INFO  com.rockSolicitors.tests.RecommendUsTest - Validating buttons within the refer to a friend screen
17:57:48.121 [TestNG-test=RockSolicitorsE2E(Structured Test)-5] INFO  com.rockSolicitors.tests.BaseTest - Navigating to http://rocksolicitors.leapweb.co.uk/
17:57:48.122 [TestNG-test=RockSolicitorsE2E(Structured Test)-5] INFO  com.rockSolicitors.testListeners.Listeners - validatePageUrl Started successfully
17:57:48.122 [TestNG-test=RockSolicitorsE2E(Structured Test)-5] INFO  com.rockSolicitors.tests.MakePaymentTest - Validating make a payment page url
17:57:50.000 [TestNG-test=RockSolicitorsE2E(Structured Test)-3] INFO  com.rockSolicitors.testListeners.Listeners - validateMakeEnquiryForm Completed successfully
17:57:50.009 [TestNG-test=RockSolicitorsE2E(Structured Test)-3] INFO  com.rockSolicitors.testListeners.Listeners - validateMakeEnquiryFormFields Started successfully
17:57:50.009 [TestNG-test=RockSolicitorsE2E(Structured Test)-3] INFO  com.rockSolicitors.tests.MakeAnEnquiryTest - Validating Make An Enquiry form fields
17:57:52.722 [TestNG-test=RockSolicitorsE2E(Structured Test)-5] INFO  com.rockSolicitors.testListeners.Listeners - validatePageUrl Completed successfully
17:57:52.722 [TestNG-test=RockSolicitorsE2E(Structured Test)-5] INFO  com.rockSolicitors.testListeners.Listeners - validatePageTitle Started successfully
17:57:52.723 [TestNG-test=RockSolicitorsE2E(Structured Test)-5] INFO  com.rockSolicitors.tests.MakePaymentTest - Validating make a payment page title
17:57:52.723 [TestNG-test=RockSolicitorsE2E(Structured Test)-5] INFO  com.rockSolicitors.testListeners.Listeners - validatePageTitle Completed successfully
17:57:52.724 [TestNG-test=RockSolicitorsE2E(Structured Test)-5] INFO  com.rockSolicitors.testListeners.Listeners - validateReferenceNumberField Started successfully
17:57:52.724 [TestNG-test=RockSolicitorsE2E(Structured Test)-5] INFO  com.rockSolicitors.tests.MakePaymentTest - Validating Reference number field
17:57:52.725 [TestNG-test=RockSolicitorsE2E(Structured Test)-5] INFO  com.rockSolicitors.testListeners.Listeners - validateReferenceNumberField Completed successfully
17:57:52.726 [TestNG-test=RockSolicitorsE2E(Structured Test)-5] INFO  com.rockSolicitors.tests.BaseTest - Closing Browser
17:57:54.765 [TestNG-test=RockSolicitorsE2E(Structured Test)-1] INFO  com.rockSolicitors.tests.BookAnAppointmentTest - Validate book an appointment Test Completed successfully
17:57:54.765 [TestNG-test=RockSolicitorsE2E(Structured Test)-1] INFO  com.rockSolicitors.testListeners.Listeners - validateBookAnAppointmentPageUrl Completed successfully
17:57:54.766 [TestNG-test=RockSolicitorsE2E(Structured Test)-1] INFO  com.rockSolicitors.tests.BaseTest - Closing Browser
17:57:57.652 [TestNG-test=RockSolicitorsE2E(Structured Test)-6] INFO  com.rockSolicitors.tests.ViewPriceListTest - Validating Price List url
17:57:58.022 [TestNG-test=RockSolicitorsE2E(Structured Test)-6] INFO  com.rockSolicitors.testListeners.Listeners - validatePriceListPage Completed successfully
17:57:58.023 [TestNG-test=RockSolicitorsE2E(Structured Test)-6] INFO  com.rockSolicitors.testListeners.Listeners - validateWillsPowerOfAttorneyWillsPage Started successfully
17:57:58.023 [TestNG-test=RockSolicitorsE2E(Structured Test)-6] INFO  com.rockSolicitors.tests.ViewPriceListTest - Validating wills power of attorney wills page
17:57:58.437 [TestNG-test=RockSolicitorsE2E(Structured Test)-5] INFO  resources.base - Starting microsoft edge browser
17:57:58.617 [TestNG-test=RockSolicitorsE2E(Structured Test)-5] INFO  com.rockSolicitors.tests.BaseTest - Driver is initialised
17:57:59.754 [TestNG-test=RockSolicitorsE2E(Structured Test)-3] INFO  com.rockSolicitors.tests.MakeAnEnquiryTest - Make An Enquiry Test Completed successfully
17:57:59.754 [TestNG-test=RockSolicitorsE2E(Structured Test)-3] INFO  com.rockSolicitors.testListeners.Listeners - validateMakeEnquiryFormFields Completed successfully
17:57:59.755 [TestNG-test=RockSolicitorsE2E(Structured Test)-3] INFO  com.rockSolicitors.tests.BaseTest - Closing Browser
17:58:00.393 [TestNG-test=RockSolicitorsE2E(Structured Test)-6] INFO  com.rockSolicitors.testListeners.Listeners - validateWillsPowerOfAttorneyWillsPage Completed successfully
17:58:00.393 [TestNG-test=RockSolicitorsE2E(Structured Test)-6] INFO  com.rockSolicitors.testListeners.Listeners - validatePurchaseOfBusinessAndFranchise Started successfully
17:58:00.394 [TestNG-test=RockSolicitorsE2E(Structured Test)-6] INFO  com.rockSolicitors.tests.ViewPriceListTest - Validating purchase of business and franchise page (Business & Commercial)
17:58:01.823 [TestNG-test=RockSolicitorsE2E(Structured Test)-2] INFO  com.rockSolicitors.testListeners.Listeners - validateButtonsOnReferToAFriendPage Completed successfully
17:58:01.824 [TestNG-test=RockSolicitorsE2E(Structured Test)-2] INFO  com.rockSolicitors.testListeners.Listeners - validateMessagePreview Started successfully
17:58:01.824 [TestNG-test=RockSolicitorsE2E(Structured Test)-2] INFO  com.rockSolicitors.tests.RecommendUsTest - Validating message preview
17:58:02.073 [TestNG-test=RockSolicitorsE2E(Structured Test)-5] INFO  com.rockSolicitors.tests.BaseTest - Navigating to http://rocksolicitors.leapweb.co.uk/
17:58:02.074 [TestNG-test=RockSolicitorsE2E(Structured Test)-5] INFO  com.rockSolicitors.testListeners.Listeners - validateReadYourDocumentPageUrl Started successfully
17:58:02.074 [TestNG-test=RockSolicitorsE2E(Structured Test)-5] INFO  com.rockSolicitors.tests.ReadYourDocumentTest - Starting validate read your document url Test
17:58:02.596 [TestNG-test=RockSolicitorsE2E(Structured Test)-6] INFO  com.rockSolicitors.testListeners.Listeners - validatePurchaseOfBusinessAndFranchise Completed successfully
17:58:02.597 [TestNG-test=RockSolicitorsE2E(Structured Test)-6] INFO  com.rockSolicitors.testListeners.Listeners - validateConveyancingAndPropertyPage Started successfully
17:58:02.597 [TestNG-test=RockSolicitorsE2E(Structured Test)-6] INFO  com.rockSolicitors.tests.ViewPriceListTest - Validating  conveyancing & property page
17:58:04.676 [TestNG-test=RockSolicitorsE2E(Structured Test)-6] INFO  com.rockSolicitors.tests.ViewPriceListTest - View Price List Test Completed successfully
17:58:04.676 [TestNG-test=RockSolicitorsE2E(Structured Test)-6] INFO  com.rockSolicitors.testListeners.Listeners - validateConveyancingAndPropertyPage Completed successfully
17:58:04.677 [TestNG-test=RockSolicitorsE2E(Structured Test)-6] INFO  com.rockSolicitors.tests.BaseTest - Closing Browser
17:58:05.651 [TestNG-test=RockSolicitorsE2E(Structured Test)-2] INFO  com.rockSolicitors.testListeners.Listeners - validateMessagePreview Completed successfully
17:58:05.652 [TestNG-test=RockSolicitorsE2E(Structured Test)-2] INFO  com.rockSolicitors.testListeners.Listeners - validateYourFriendDetailsWarnings Started successfully
17:58:05.652 [TestNG-test=RockSolicitorsE2E(Structured Test)-2] INFO  com.rockSolicitors.tests.RecommendUsTest - Validating your friends details warnings
17:58:09.731 [TestNG-test=RockSolicitorsE2E(Structured Test)-5] INFO  com.rockSolicitors.tests.ReadYourDocumentTest - Validate read your document url test completed successfully
17:58:09.731 [TestNG-test=RockSolicitorsE2E(Structured Test)-5] INFO  com.rockSolicitors.testListeners.Listeners - validateReadYourDocumentPageUrl Completed successfully
17:58:09.732 [TestNG-test=RockSolicitorsE2E(Structured Test)-5] INFO  com.rockSolicitors.tests.BaseTest - Closing Browser
17:58:17.472 [TestNG-test=RockSolicitorsE2E(Structured Test)-2] INFO  com.rockSolicitors.testListeners.Listeners - validateYourFriendDetailsWarnings Completed successfully
17:58:17.473 [TestNG-test=RockSolicitorsE2E(Structured Test)-2] INFO  com.rockSolicitors.testListeners.Listeners - validateYourDetailsWarnings Started successfully
17:58:17.473 [TestNG-test=RockSolicitorsE2E(Structured Test)-2] INFO  com.rockSolicitors.tests.RecommendUsTest - Validating your details warning
17:58:23.092 [TestNG-test=RockSolicitorsE2E(Structured Test)-2] INFO  com.rockSolicitors.tests.RecommendUsTest - Recommend Us Test Completed successfully
17:58:23.092 [TestNG-test=RockSolicitorsE2E(Structured Test)-2] INFO  com.rockSolicitors.testListeners.Listeners - validateYourDetailsWarnings Completed successfully
17:58:23.092 [TestNG-test=RockSolicitorsE2E(Structured Test)-2] INFO  com.rockSolicitors.tests.BaseTest - Closing Browser
17:58:54.827 [TestNG-test=RockSolicitorsE2E(Structured Test)-4] INFO  com.rockSolicitors.tests.ProvideInformationTest - Onboard forms validation completed successfully
17:58:54.827 [TestNG-test=RockSolicitorsE2E(Structured Test)-4] INFO  com.rockSolicitors.testListeners.Listeners - validateOnboardFormsUrl Completed successfully
17:58:54.828 [TestNG-test=RockSolicitorsE2E(Structured Test)-4] INFO  com.rockSolicitors.tests.BaseTest - Closing Browser
17:58:56.506 [main] INFO  com.rockSolicitors.testListeners.Listeners - RockSolicitorsE2E(Structured Test) Have finished testing successfully
